<?xml version="1.0" encoding="UTF-8"?>
<testng-results skipped="0" failed="1" ignored="0" total="2" passed="1">
  <reporter-output>
  </reporter-output>
  <suite name="Default suite" duration-ms="14911" started-at="2021-06-08T15:20:50 SGT" finished-at="2021-06-08T15:21:05 SGT">
    <groups>
    </groups>
    <test name="Default test" duration-ms="14911" started-at="2021-06-08T15:20:50 SGT" finished-at="2021-06-08T15:21:05 SGT">
      <class name="tests.LocationTest">
        <test-method status="PASS" signature="setUp()[pri:0, instance:tests.LocationTest@711f39f9]" name="setUp" is-config="true" duration-ms="6102" started-at="2021-06-08T15:20:50 SGT" finished-at="2021-06-08T15:20:56 SGT">
          <reporter-output>
          </reporter-output>
        </test-method> <!-- setUp -->
        <test-method status="PASS" signature="invalidLocationTest()[pri:0, instance:tests.LocationTest@711f39f9]" name="invalidLocationTest" duration-ms="2091" started-at="2021-06-08T15:20:56 SGT" finished-at="2021-06-08T15:20:58 SGT">
          <reporter-output>
          </reporter-output>
        </test-method> <!-- invalidLocationTest -->
        <test-method status="PASS" signature="tearDown()[pri:0, instance:tests.LocationTest@711f39f9]" name="tearDown" is-config="true" duration-ms="812" started-at="2021-06-08T15:20:58 SGT" finished-at="2021-06-08T15:20:59 SGT">
          <reporter-output>
          </reporter-output>
        </test-method> <!-- tearDown -->
        <test-method status="PASS" signature="setUp()[pri:0, instance:tests.LocationTest@711f39f9]" name="setUp" is-config="true" duration-ms="4847" started-at="2021-06-08T15:20:59 SGT" finished-at="2021-06-08T15:21:04 SGT">
          <reporter-output>
          </reporter-output>
        </test-method> <!-- setUp -->
        <test-method status="FAIL" signature="validLocationTest()[pri:0, instance:tests.LocationTest@711f39f9]" name="validLocationTest" duration-ms="11" started-at="2021-06-08T15:21:04 SGT" finished-at="2021-06-08T15:21:04 SGT">
          <exception class="org.openqa.selenium.NoSuchSessionException">
            <message>
              <![CDATA[Session ID is null. Using WebDriver after calling quit()?
Build info: version: '3.141.59', revision: 'e82be7d358', time: '2018-11-14T08:17:03'
System info: host: 'LAPTOP-C3673RP5', ip: '192.168.0.12', os.name: 'Windows 10', os.arch: 'amd64', os.version: '10.0', java.version: '1.8.0_202'
Driver info: driver.version: RemoteWebDriver]]>
            </message>
            <full-stacktrace>
              <![CDATA[org.openqa.selenium.NoSuchSessionException: Session ID is null. Using WebDriver after calling quit()?
Build info: version: '3.141.59', revision: 'e82be7d358', time: '2018-11-14T08:17:03'
System info: host: 'LAPTOP-C3673RP5', ip: '192.168.0.12', os.name: 'Windows 10', os.arch: 'amd64', os.version: '10.0', java.version: '1.8.0_202'
Driver info: driver.version: RemoteWebDriver
at org.openqa.selenium.remote.HttpCommandExecutor.execute(HttpCommandExecutor.java:125)
at org.openqa.selenium.remote.service.DriverCommandExecutor.execute(DriverCommandExecutor.java:83)
at org.openqa.selenium.remote.RemoteWebDriver.execute(RemoteWebDriver.java:552)
at org.openqa.selenium.remote.RemoteWebElement.execute(RemoteWebElement.java:285)
at org.openqa.selenium.remote.RemoteWebElement.sendKeys(RemoteWebElement.java:106)
at pages.locationSearchPage.checkForValidLocation(locationSearchPage.java:18)
at tests.LocationTest.validLocationTest(LocationTest.java:19)
at sun.reflect.NativeMethodAccessorImpl.invoke0(Native Method)
at sun.reflect.NativeMethodAccessorImpl.invoke(Unknown Source)
at sun.reflect.DelegatingMethodAccessorImpl.invoke(Unknown Source)
at java.lang.reflect.Method.invoke(Unknown Source)
at org.testng.internal.MethodInvocationHelper.invokeMethod(MethodInvocationHelper.java:134)
at org.testng.internal.TestInvoker.invokeMethod(TestInvoker.java:597)
at org.testng.internal.TestInvoker.invokeTestMethod(TestInvoker.java:173)
at org.testng.internal.MethodRunner.runInSequence(MethodRunner.java:46)
at org.testng.internal.TestInvoker$MethodInvocationAgent.invoke(TestInvoker.java:816)
at org.testng.internal.TestInvoker.invokeTestMethods(TestInvoker.java:146)
at org.testng.internal.TestMethodWorker.invokeTestMethods(TestMethodWorker.java:146)
at org.testng.internal.TestMethodWorker.run(TestMethodWorker.java:128)
at java.util.ArrayList.forEach(Unknown Source)
at org.testng.TestRunner.privateRun(TestRunner.java:766)
at org.testng.TestRunner.run(TestRunner.java:587)
at org.testng.SuiteRunner.runTest(SuiteRunner.java:384)
at org.testng.SuiteRunner.runSequentially(SuiteRunner.java:378)
at org.testng.SuiteRunner.privateRun(SuiteRunner.java:337)
at org.testng.SuiteRunner.run(SuiteRunner.java:286)
at org.testng.SuiteRunnerWorker.runSuite(SuiteRunnerWorker.java:53)
at org.testng.SuiteRunnerWorker.run(SuiteRunnerWorker.java:96)
at org.testng.TestNG.runSuitesSequentially(TestNG.java:1187)
at org.testng.TestNG.runSuitesLocally(TestNG.java:1109)
at org.testng.TestNG.runSuites(TestNG.java:1039)
at org.testng.TestNG.run(TestNG.java:1007)
at org.testng.remote.AbstractRemoteTestNG.run(AbstractRemoteTestNG.java:115)
at org.testng.remote.RemoteTestNG.initAndRun(RemoteTestNG.java:251)
at org.testng.remote.RemoteTestNG.main(RemoteTestNG.java:77)
]]>
            </full-stacktrace>
          </exception> <!-- org.openqa.selenium.NoSuchSessionException -->
          <reporter-output>
          </reporter-output>
        </test-method> <!-- validLocationTest -->
        <test-method status="PASS" signature="tearDown()[pri:0, instance:tests.LocationTest@711f39f9]" name="tearDown" is-config="true" duration-ms="960" started-at="2021-06-08T15:21:04 SGT" finished-at="2021-06-08T15:21:05 SGT">
          <reporter-output>
          </reporter-output>
        </test-method> <!-- tearDown -->
      </class> <!-- tests.LocationTest -->
    </test> <!-- Default test -->
  </suite> <!-- Default suite -->
</testng-results>
